<?xml version="1.0" encoding="UTF-8"?>
<!-- Generated by org.testng.reporters.JUnitXMLReporter -->
<testsuite ignored="1" hostname="huseyincakiroglu" failures="0" tests="3" name="Car Loan" time="0.007" errors="0" timestamp="2022-09-07T16:12:20 TRT">
  <testcase classname="test.carLoan" name="WebLoginCarLoan" time="0.0"/>
  <testcase classname="test.carLoan" name="gruplanmısTest" time="0.002"/>
  <testcase classname="test.carLoan" name="LoginAPICarLoan" time="0.001"/>
  <testcase classname="test.carLoan" name="MobileLoginCarLoan" time="0.0">
    <ignored/>
  </testcase> <!-- MobileLoginCarLoan -->
</testsuite> <!-- Car Loan -->
