<?xml version="1.0" encoding="UTF-8"?>
<!-- Generated by org.testng.reporters.JUnitXMLReporter -->
<testsuite ignored="4" hostname="huseyincakiroglu" failures="0" tests="11" name="Regression" time="0.053" errors="0" timestamp="2022-09-07T11:36:00 TRT">
  <testcase classname="test.testNGnasılKullanılır" name="Demo" time="0.004"/>
  <testcase classname="test.carLoan" name="LoginAPICarLoan" time="0.001"/>
  <testcase classname="test.carLoan" name="MobileLoginCarLoan" time="0.0"/>
  <testcase classname="test.carLoan" name="WebLoginCarLoan" time="0.001"/>
  <testcase classname="test.secondTest" name="test1" time="0.001"/>
  <testcase classname="test.secondTest" name="test2" time="0.001"/>
  <testcase classname="test.secondTest" name="test3" time="0.001"/>
  <testcase classname="test.secondTest" name="test4" time="0.001"/>
  <testcase classname="test.homeLoan" name="LoginAPIHomeLoan" time="0.001"/>
  <testcase classname="test.homeLoan" name="MobileLoginHomeLoan" time="0.001"/>
  <testcase classname="test.homeLoan" name="WebLoginHomeLoan" time="0.0"/>
  <testcase classname="test.secondTest" name="gruplanmısTest3" time="0.0">
    <ignored/>
  </testcase> <!-- gruplanmısTest3 -->
  <testcase classname="test.carLoan" name="gruplanmısTest" time="0.0">
    <ignored/>
  </testcase> <!-- gruplanmısTest -->
  <testcase classname="test.testNGnasılKullanılır" name="gruplanmısTest" time="0.0">
    <ignored/>
  </testcase> <!-- gruplanmısTest -->
  <testcase classname="test.homeLoan" name="gruplanmısTest2" time="0.0">
    <ignored/>
  </testcase> <!-- gruplanmısTest2 -->
</testsuite> <!-- Regression -->
