<?xml version="1.0" encoding="UTF-8"?>
<!-- Generated by org.testng.reporters.JUnitReportReporter -->
<testsuite hostname="huseyincakiroglu" failures="0" tests="4" name="test.carLoan" time="0.003" errors="0" timestamp="2022-09-07T16:12:20 TRT" skipped="1">
  <testcase classname="test.carLoan" name="LoginAPICarLoan" time="0.001"/>
  <system-out/>
  <testcase classname="test.carLoan" name="WebLoginCarLoan" time="0.000"/>
  <system-out/>
  <testcase classname="test.carLoan" name="gruplanmısTest" time="0.002"/>
  <system-out/>
  <testcase classname="test.carLoan" name="MobileLoginCarLoan">
    <skipped/>
  </testcase> <!-- MobileLoginCarLoan -->
  <system-out/>
</testsuite> <!-- test.carLoan -->
