<?xml version="1.0" encoding="UTF-8"?>
<!-- Generated by org.testng.reporters.JUnitReportReporter -->
<testsuite hostname="huseyincakiroglu" failures="0" tests="4" name="test.homeLoan" time="0.006" errors="0" timestamp="2022-09-07T16:12:20 TRT" skipped="0">
  <testcase classname="test.homeLoan" name="WebLoginHomeLoan" time="0.001"/>
  <system-out/>
  <testcase classname="test.homeLoan" name="gruplanmısTest2" time="0.003"/>
  <system-out/>
  <testcase classname="test.homeLoan" name="LoginAPIHomeLoan" time="0.001"/>
  <system-out/>
  <testcase classname="test.homeLoan" name="MobileLoginHomeLoan" time="0.001"/>
  <system-out/>
</testsuite> <!-- test.homeLoan -->
