<?xml version="1.0" encoding="UTF-8"?>
<!-- Generated by org.testng.reporters.JUnitXMLReporter -->
<testsuite ignored="0" hostname="huseyincakiroglu" failures="0" tests="7" name="Default test" time="0.053" errors="0" timestamp="2022-09-07T14:29:44 TRT">
  <testcase classname="test.secondTest" name="gruplanmısTest3" time="0.004"/>
  <testcase classname="test.secondTest" name="test1" time="0.0"/>
  <testcase classname="test.secondTest" name="test1" time="0.001"/>
  <testcase classname="test.secondTest" name="test1" time="0.001"/>
  <testcase classname="test.secondTest" name="test2" time="0.001"/>
  <testcase classname="test.secondTest" name="test3" time="0.001"/>
  <testcase classname="test.secondTest" name="test4" time="0.0"/>
</testsuite> <!-- Default test -->
